<?xml version="1.0" encoding="UTF-8"?>
<coverage generated="1694619518861" clover="3.2.0">
  <project timestamp="1694619518861" name="All files">
    <metrics statements="33" coveredstatements="33" conditionals="6" coveredconditionals="6" methods="12" coveredmethods="12" elements="51" coveredelements="51" complexity="0" loc="33" ncloc="33" packages="2" files="3" classes="3"/>
    <package name="src">
      <metrics statements="15" coveredstatements="15" conditionals="6" coveredconditionals="6" methods="4" coveredmethods="4"/>
      <file name="config.ts" path="C:\Users\Andrii_Fedak\Desktop\NodeJS Global Mentoring Program\HT_4\src\config.ts">
        <metrics statements="2" coveredstatements="2" conditionals="0" coveredconditionals="0" methods="0" coveredmethods="0"/>
        <line num="1" count="3" type="stmt"/>
        <line num="3" count="3" type="stmt"/>
      </file>
      <file name="helpers.ts" path="C:\Users\Andrii_Fedak\Desktop\NodeJS Global Mentoring Program\HT_4\src\helpers.ts">
        <metrics statements="13" coveredstatements="13" conditionals="6" coveredconditionals="6" methods="4" coveredmethods="4"/>
        <line num="1" count="3" type="stmt"/>
        <line num="4" count="3" type="stmt"/>
        <line num="5" count="18" type="stmt"/>
        <line num="8" count="3" type="stmt"/>
        <line num="9" count="7" type="stmt"/>
        <line num="12" count="20" type="stmt"/>
        <line num="13" count="20" type="cond" truecount="3" falsecount="0"/>
        <line num="14" count="3" type="stmt"/>
        <line num="17" count="17" type="cond" truecount="3" falsecount="0"/>
        <line num="18" count="2" type="stmt"/>
        <line num="21" count="15" type="stmt"/>
        <line num="24" count="3" type="stmt"/>
        <line num="25" count="32" type="stmt"/>
      </file>
    </package>
    <package name="src.services">
      <metrics statements="18" coveredstatements="18" conditionals="0" coveredconditionals="0" methods="8" coveredmethods="8"/>
      <file name="public-holidays.service.ts" path="C:\Users\Andrii_Fedak\Desktop\NodeJS Global Mentoring Program\HT_4\src\services\public-holidays.service.ts">
        <metrics statements="18" coveredstatements="18" conditionals="0" coveredconditionals="0" methods="8" coveredmethods="8"/>
        <line num="1" count="2" type="stmt"/>
        <line num="2" count="2" type="stmt"/>
        <line num="3" count="2" type="stmt"/>
        <line num="8" count="5" type="stmt"/>
        <line num="9" count="5" type="stmt"/>
        <line num="12" count="4" type="stmt"/>
        <line num="15" count="17" type="stmt"/>
        <line num="17" count="2" type="stmt"/>
        <line num="21" count="6" type="stmt"/>
        <line num="22" count="6" type="stmt"/>
        <line num="25" count="5" type="stmt"/>
        <line num="26" count="4" type="stmt"/>
        <line num="28" count="1" type="stmt"/>
        <line num="32" count="5" type="stmt"/>
        <line num="33" count="5" type="stmt"/>
        <line num="36" count="4" type="stmt"/>
        <line num="39" count="14" type="stmt"/>
        <line num="41" count="2" type="stmt"/>
      </file>
    </package>
  </project>
</coverage>
